Flow report for SM_2300_Task5
Mon Feb 14 23:45:29 2022
Quartus Prime Version 19.1.0 Build 670 09/22/2019 SJ Lite Edition


---------------------
; Table of Contents ;
---------------------
  1. Legal Notice
  2. Flow Summary
  3. Flow Settings
  4. Flow Non-Default Global Settings
  5. Flow Elapsed Time
  6. Flow OS Summary
  7. Flow Log
  8. Flow Messages
  9. Flow Suppressed Messages



----------------
; Legal Notice ;
----------------
Copyright (C) 2019  Intel Corporation. All rights reserved.
Your use of Intel Corporation's design tools, logic functions 
and other software and tools, and any partner logic 
functions, and any output files from any of the foregoing 
(including device programming or simulation files), and any 
associated documentation or information are expressly subject 
to the terms and conditions of the Intel Program License 
Subscription Agreement, the Intel Quartus Prime License Agreement,
the Intel FPGA IP License Agreement, or other applicable license
agreement, including, without limitation, that your use is for
the sole purpose of programming logic devices manufactured by
Intel and sold by Intel or its authorized distributors.  Please
refer to the applicable agreement for further details, at
https://fpgasoftware.intel.com/eula.



+----------------------------------------------------------------------------------+
; Flow Summary                                                                     ;
+------------------------------------+---------------------------------------------+
; Flow Status                        ; Successful - Mon Feb 14 23:45:29 2022       ;
; Quartus Prime Version              ; 19.1.0 Build 670 09/22/2019 SJ Lite Edition ;
; Revision Name                      ; SM_2300_Task5                               ;
; Top-level Entity Name              ; SM_2300_Task5_final                         ;
; Family                             ; Cyclone IV E                                ;
; Device                             ; EP4CE22F17C6                                ;
; Timing Models                      ; Final                                       ;
; Total logic elements               ; 16,224 / 22,320 ( 73 % )                    ;
;     Total combinational functions  ; 16,018 / 22,320 ( 72 % )                    ;
;     Dedicated logic registers      ; 2,118 / 22,320 ( 9 % )                      ;
; Total registers                    ; 2118                                        ;
; Total pins                         ; 26 / 154 ( 17 % )                           ;
; Total virtual pins                 ; 0                                           ;
; Total memory bits                  ; 0 / 608,256 ( 0 % )                         ;
; Embedded Multiplier 9-bit elements ; 0 / 132 ( 0 % )                             ;
; Total PLLs                         ; 0 / 4 ( 0 % )                               ;
+------------------------------------+---------------------------------------------+


+-----------------------------------------+
; Flow Settings                           ;
+-------------------+---------------------+
; Option            ; Setting             ;
+-------------------+---------------------+
; Start date & time ; 02/14/2022 23:40:30 ;
; Main task         ; Compilation         ;
; Revision Name     ; SM_2300_Task5       ;
+-------------------+---------------------+


+--------------------------------------------------------------------------------------------------------------------------------------------------------+
; Flow Non-Default Global Settings                                                                                                                       ;
+-------------------------------------+----------------------------------------+---------------+---------------------+-----------------------------------+
; Assignment Name                     ; Value                                  ; Default Value ; Entity Name         ; Section Id                        ;
+-------------------------------------+----------------------------------------+---------------+---------------------+-----------------------------------+
; COMPILER_SIGNATURE_ID               ; 186424627261.164486223001440           ; --            ; --                  ; --                                ;
; EDA_GENERATE_FUNCTIONAL_NETLIST     ; Off                                    ; --            ; --                  ; eda_board_design_timing           ;
; EDA_GENERATE_FUNCTIONAL_NETLIST     ; Off                                    ; --            ; --                  ; eda_board_design_boundary_scan    ;
; EDA_GENERATE_FUNCTIONAL_NETLIST     ; Off                                    ; --            ; --                  ; eda_board_design_signal_integrity ;
; EDA_GENERATE_FUNCTIONAL_NETLIST     ; Off                                    ; --            ; --                  ; eda_board_design_symbol           ;
; EDA_OUTPUT_DATA_FORMAT              ; Verilog Hdl                            ; --            ; --                  ; eda_simulation                    ;
; EDA_SIMULATION_TOOL                 ; ModelSim-Altera (Verilog)              ; <None>        ; --                  ; --                                ;
; EDA_TIME_SCALE                      ; 1 ps                                   ; --            ; --                  ; eda_simulation                    ;
; ENABLE_SIGNALTAP                    ; On                                     ; --            ; --                  ; --                                ;
; MAX_CORE_JUNCTION_TEMP              ; 85                                     ; --            ; --                  ; --                                ;
; MIN_CORE_JUNCTION_TEMP              ; 0                                      ; --            ; --                  ; --                                ;
; NOMINAL_CORE_SUPPLY_VOLTAGE         ; 1.2V                                   ; --            ; --                  ; --                                ;
; PARTITION_COLOR                     ; -- (Not supported for targeted family) ; --            ; SM_2300_Task5_final ; Top                               ;
; PARTITION_FITTER_PRESERVATION_LEVEL ; -- (Not supported for targeted family) ; --            ; SM_2300_Task5_final ; Top                               ;
; PARTITION_NETLIST_TYPE              ; -- (Not supported for targeted family) ; --            ; SM_2300_Task5_final ; Top                               ;
; POWER_BOARD_THERMAL_MODEL           ; None (CONSERVATIVE)                    ; --            ; --                  ; --                                ;
; POWER_PRESET_COOLING_SOLUTION       ; 23 MM HEAT SINK WITH 200 LFPM AIRFLOW  ; --            ; --                  ; --                                ;
; PROJECT_OUTPUT_DIRECTORY            ; output_files                           ; --            ; --                  ; --                                ;
; TOP_LEVEL_ENTITY                    ; SM_2300_Task5_final                    ; SM_2300_Task5 ; --                  ; --                                ;
; USE_SIGNALTAP_FILE                  ; stp1.stp                               ; --            ; --                  ; --                                ;
+-------------------------------------+----------------------------------------+---------------+---------------------+-----------------------------------+


+--------------------------------------------------------------------------------------------------------------------------+
; Flow Elapsed Time                                                                                                        ;
+----------------------+--------------+-------------------------+---------------------+------------------------------------+
; Module Name          ; Elapsed Time ; Average Processors Used ; Peak Virtual Memory ; Total CPU Time (on all processors) ;
+----------------------+--------------+-------------------------+---------------------+------------------------------------+
; Analysis & Synthesis ; 00:01:12     ; 1.0                     ; 4910 MB             ; 00:01:20                           ;
; Fitter               ; 00:03:18     ; 1.1                     ; 5768 MB             ; 00:04:32                           ;
; Assembler            ; 00:00:02     ; 1.0                     ; 4728 MB             ; 00:00:02                           ;
; Timing Analyzer      ; 00:00:16     ; 2.6                     ; 5118 MB             ; 00:00:18                           ;
; EDA Netlist Writer   ; 00:00:02     ; 1.0                     ; 4699 MB             ; 00:00:03                           ;
; Total                ; 00:04:50     ; --                      ; --                  ; 00:06:15                           ;
+----------------------+--------------+-------------------------+---------------------+------------------------------------+


+------------------------------------------------------------------------------------+
; Flow OS Summary                                                                    ;
+----------------------+------------------+------------+------------+----------------+
; Module Name          ; Machine Hostname ; OS Name    ; OS Version ; Processor type ;
+----------------------+------------------+------------+------------+----------------+
; Analysis & Synthesis ; DESKTOP-BBQL4EL  ; Windows 10 ; 10.0       ; x86_64         ;
; Fitter               ; DESKTOP-BBQL4EL  ; Windows 10 ; 10.0       ; x86_64         ;
; Assembler            ; DESKTOP-BBQL4EL  ; Windows 10 ; 10.0       ; x86_64         ;
; Timing Analyzer      ; DESKTOP-BBQL4EL  ; Windows 10 ; 10.0       ; x86_64         ;
; EDA Netlist Writer   ; DESKTOP-BBQL4EL  ; Windows 10 ; 10.0       ; x86_64         ;
+----------------------+------------------+------------+------------+----------------+


------------
; Flow Log ;
------------
quartus_map --read_settings_files=on --write_settings_files=off SM_2300_Task5 -c SM_2300_Task5
quartus_fit --read_settings_files=off --write_settings_files=off SM_2300_Task5 -c SM_2300_Task5
quartus_asm --read_settings_files=off --write_settings_files=off SM_2300_Task5 -c SM_2300_Task5
quartus_sta SM_2300_Task5 -c SM_2300_Task5
quartus_eda --read_settings_files=off --write_settings_files=off SM_2300_Task5 -c SM_2300_Task5



