Flow report for comb_ckt
Mon Nov 08 22:26:22 2021
Quartus Prime Version 19.1.0 Build 670 09/22/2019 SJ Lite Edition


---------------------
; Table of Contents ;
---------------------
  1. Legal Notice
  2. Flow Summary
  3. Flow Settings
  4. Flow Non-Default Global Settings
  5. Flow Elapsed Time
  6. Flow OS Summary
  7. Flow Log
  8. Flow Messages
  9. Flow Suppressed Messages



----------------
; Legal Notice ;
----------------
Copyright (C) 2019  Intel Corporation. All rights reserved.
Your use of Intel Corporation's design tools, logic functions 
and other software and tools, and any partner logic 
functions, and any output files from any of the foregoing 
(including device programming or simulation files), and any 
associated documentation or information are expressly subject 
to the terms and conditions of the Intel Program License 
Subscription Agreement, the Intel Quartus Prime License Agreement,
the Intel FPGA IP License Agreement, or other applicable license
agreement, including, without limitation, that your use is for
the sole purpose of programming logic devices manufactured by
Intel and sold by Intel or its authorized distributors.  Please
refer to the applicable agreement for further details, at
https://fpgasoftware.intel.com/eula.



+----------------------------------------------------------------------------------+
; Flow Summary                                                                     ;
+------------------------------------+---------------------------------------------+
; Flow Status                        ; Successful - Mon Nov 08 22:26:22 2021       ;
; Quartus Prime Version              ; 19.1.0 Build 670 09/22/2019 SJ Lite Edition ;
; Revision Name                      ; comb_ckt                                    ;
; Top-level Entity Name              ; comb_ckt_verilog                            ;
; Family                             ; Cyclone IV E                                ;
; Device                             ; EP4CE22F17C6                                ;
; Timing Models                      ; Final                                       ;
; Total logic elements               ; 10 / 22,320 ( < 1 % )                       ;
;     Total combinational functions  ; 10 / 22,320 ( < 1 % )                       ;
;     Dedicated logic registers      ; 0 / 22,320 ( 0 % )                          ;
; Total registers                    ; 0                                           ;
; Total pins                         ; 15 / 154 ( 10 % )                           ;
; Total virtual pins                 ; 0                                           ;
; Total memory bits                  ; 0 / 608,256 ( 0 % )                         ;
; Embedded Multiplier 9-bit elements ; 0 / 132 ( 0 % )                             ;
; Total PLLs                         ; 0 / 4 ( 0 % )                               ;
+------------------------------------+---------------------------------------------+


+-----------------------------------------+
; Flow Settings                           ;
+-------------------+---------------------+
; Option            ; Setting             ;
+-------------------+---------------------+
; Start date & time ; 11/08/2021 22:26:00 ;
; Main task         ; Compilation         ;
; Revision Name     ; comb_ckt            ;
+-------------------+---------------------+


+-----------------------------------------------------------------------------------------------------------------------------------+
; Flow Non-Default Global Settings                                                                                                  ;
+--------------------------------------+----------------------------------------+---------------+------------------+----------------+
; Assignment Name                      ; Value                                  ; Default Value ; Entity Name      ; Section Id     ;
+--------------------------------------+----------------------------------------+---------------+------------------+----------------+
; COMPILER_SIGNATURE_ID                ; 186424627261.163639056008184           ; --            ; --               ; --             ;
; EDA_DESIGN_INSTANCE_NAME             ; NA                                     ; --            ; --               ; comb_ckt_tb    ;
; EDA_NATIVELINK_SIMULATION_TEST_BENCH ; comb_ckt_tb                            ; --            ; --               ; eda_simulation ;
; EDA_OUTPUT_DATA_FORMAT               ; Verilog Hdl                            ; --            ; --               ; eda_simulation ;
; EDA_SIMULATION_TOOL                  ; ModelSim-Altera (Verilog)              ; <None>        ; --               ; --             ;
; EDA_TEST_BENCH_ENABLE_STATUS         ; TEST_BENCH_MODE                        ; --            ; --               ; eda_simulation ;
; EDA_TEST_BENCH_FILE                  ; simulation/modelsim/comb_ckt_tb.v      ; --            ; --               ; comb_ckt_tb    ;
; EDA_TEST_BENCH_MODULE_NAME           ; comb_ckt_tb                            ; --            ; --               ; comb_ckt_tb    ;
; EDA_TEST_BENCH_NAME                  ; comb_ckt_tb                            ; --            ; --               ; eda_simulation ;
; EDA_TEST_BENCH_RUN_SIM_FOR           ; 2000 ps                                ; --            ; --               ; comb_ckt_tb    ;
; EDA_TIME_SCALE                       ; 1 ps                                   ; --            ; --               ; eda_simulation ;
; MAX_CORE_JUNCTION_TEMP               ; 85                                     ; --            ; --               ; --             ;
; MIN_CORE_JUNCTION_TEMP               ; 0                                      ; --            ; --               ; --             ;
; PARTITION_COLOR                      ; -- (Not supported for targeted family) ; --            ; comb_ckt_verilog ; Top            ;
; PARTITION_FITTER_PRESERVATION_LEVEL  ; -- (Not supported for targeted family) ; --            ; comb_ckt_verilog ; Top            ;
; PARTITION_NETLIST_TYPE               ; -- (Not supported for targeted family) ; --            ; comb_ckt_verilog ; Top            ;
; POWER_BOARD_THERMAL_MODEL            ; None (CONSERVATIVE)                    ; --            ; --               ; --             ;
; POWER_PRESET_COOLING_SOLUTION        ; 23 MM HEAT SINK WITH 200 LFPM AIRFLOW  ; --            ; --               ; --             ;
; TOP_LEVEL_ENTITY                     ; comb_ckt_verilog                       ; comb_ckt      ; --               ; --             ;
+--------------------------------------+----------------------------------------+---------------+------------------+----------------+


+--------------------------------------------------------------------------------------------------------------------------+
; Flow Elapsed Time                                                                                                        ;
+----------------------+--------------+-------------------------+---------------------+------------------------------------+
; Module Name          ; Elapsed Time ; Average Processors Used ; Peak Virtual Memory ; Total CPU Time (on all processors) ;
+----------------------+--------------+-------------------------+---------------------+------------------------------------+
; Analysis & Synthesis ; 00:00:09     ; 1.0                     ; 4748 MB             ; 00:00:19                           ;
; Fitter               ; 00:00:06     ; 1.0                     ; 5517 MB             ; 00:00:05                           ;
; Assembler            ; 00:00:01     ; 1.0                     ; 4685 MB             ; 00:00:01                           ;
; Timing Analyzer      ; 00:00:01     ; 1.0                     ; 4785 MB             ; 00:00:01                           ;
; EDA Netlist Writer   ; 00:00:01     ; 1.0                     ; 4641 MB             ; 00:00:00                           ;
; Total                ; 00:00:18     ; --                      ; --                  ; 00:00:26                           ;
+----------------------+--------------+-------------------------+---------------------+------------------------------------+


+------------------------------------------------------------------------------------+
; Flow OS Summary                                                                    ;
+----------------------+------------------+------------+------------+----------------+
; Module Name          ; Machine Hostname ; OS Name    ; OS Version ; Processor type ;
+----------------------+------------------+------------+------------+----------------+
; Analysis & Synthesis ; LAPTOP-S8FJBCVV  ; Windows 10 ; 10.0       ; x86_64         ;
; Fitter               ; LAPTOP-S8FJBCVV  ; Windows 10 ; 10.0       ; x86_64         ;
; Assembler            ; LAPTOP-S8FJBCVV  ; Windows 10 ; 10.0       ; x86_64         ;
; Timing Analyzer      ; LAPTOP-S8FJBCVV  ; Windows 10 ; 10.0       ; x86_64         ;
; EDA Netlist Writer   ; LAPTOP-S8FJBCVV  ; Windows 10 ; 10.0       ; x86_64         ;
+----------------------+------------------+------------+------------+----------------+


------------
; Flow Log ;
------------
quartus_map --read_settings_files=on --write_settings_files=off comb_ckt -c comb_ckt
quartus_fit --read_settings_files=off --write_settings_files=off comb_ckt -c comb_ckt
quartus_asm --read_settings_files=off --write_settings_files=off comb_ckt -c comb_ckt
quartus_sta comb_ckt -c comb_ckt
quartus_eda --read_settings_files=off --write_settings_files=off comb_ckt -c comb_ckt



